{
    "timestamp": "23-05-2023 @ 09:42:53",
    "request": "__main__",
    "source_ip": "192.168.10.87",
    "log_type": "INFO",
    "log_content": "[FLASK] Starting Flask Server..."
}{
    "timestamp": "23-05-2023 @ 09:44:01",
    "request": "__main__",
    "source_ip": "192.168.10.87",
    "log_type": "INFO",
    "log_content": "[FLASK] Starting Flask Server..."
}{
    "timestamp": "23-05-2023 @ 09:44:37",
    "request": "__main__",
    "source_ip": "192.168.10.87",
    "log_type": "INFO",
    "log_content": "[FLASK] Starting Flask Server..."
}{
    "timestamp": "24-05-2023 @ 06:45:45",
    "request": "__main__",
    "source_ip": "192.168.10.87",
    "log_type": "INFO",
    "log_content": "[FLASK] Starting Flask Server..."
}{
    "timestamp": "26-05-2023 @ 09:00:46",
    "request": "__main__",
    "source_ip": "192.168.10.87",
    "log_type": "INFO",
    "log_content": "[FLASK] Starting Flask Server..."
}{
    "timestamp": "10-01-2024 @ 12:37:11",
    "request": "__main__",
    "source_ip": "localhost",
    "log_type": "INFO",
    "log_content": "[FLASK] Starting Flask Server..."
}{
    "timestamp": "10-01-2024 @ 12:37:24",
    "request": "__main__",
    "source_ip": "localhost",
    "log_type": "INFO",
    "log_content": "[FLASK] Starting Flask Server..."
}{
    "timestamp": "10-01-2024 @ 13:03:24",
    "request": "__main__",
    "source_ip": "localhost",
    "log_type": "INFO",
    "log_content": "[FLASK] Starting Flask Server..."
}{
    "timestamp": "10-01-2024 @ 13:42:57",
    "request": "__main__",
    "source_ip": "localhost",
    "log_type": "INFO",
    "log_content": "[FLASK] Starting Flask Server..."
}{
    "timestamp": "10-01-2024 @ 13:48:56",
    "request": "__main__",
    "source_ip": "localhost",
    "log_type": "INFO",
    "log_content": "[FLASK] Starting Flask Server..."
}{
    "timestamp": "10-01-2024 @ 13:50:07",
    "request": "__main__",
    "source_ip": "localhost",
    "log_type": "INFO",
    "log_content": "[FLASK] Starting Flask Server..."
}{
    "timestamp": "10-01-2024 @ 13:51:31",
    "request": "__main__",
    "source_ip": "localhost",
    "log_type": "INFO",
    "log_content": "[FLASK] Starting Flask Server..."
}{
    "timestamp": "10-01-2024 @ 13:51:47",
    "request": "__main__",
    "source_ip": "localhost",
    "log_type": "INFO",
    "log_content": "[FLASK] Starting Flask Server..."
}{
    "timestamp": "10-01-2024 @ 13:54:07",
    "request": "__main__",
    "source_ip": "localhost",
    "log_type": "INFO",
    "log_content": "[FLASK] Starting Flask Server..."
}{
    "timestamp": "10-01-2024 @ 13:55:06",
    "request": "__main__",
    "source_ip": "localhost",
    "log_type": "INFO",
    "log_content": "[FLASK] Starting Flask Server..."
}{
    "timestamp": "10-01-2024 @ 13:56:02",
    "request": "__main__",
    "source_ip": "localhost",
    "log_type": "INFO",
    "log_content": "[FLASK] Starting Flask Server..."
}{
    "timestamp": "10-01-2024 @ 13:57:07",
    "request": "__main__",
    "source_ip": "localhost",
    "log_type": "INFO",
    "log_content": "[FLASK] Starting Flask Server..."
}{
    "timestamp": "10-01-2024 @ 13:58:28",
    "request": "__main__",
    "source_ip": "localhost",
    "log_type": "INFO",
    "log_content": "[FLASK] Starting Flask Server..."
}{
    "timestamp": "10-01-2024 @ 14:01:40",
    "request": "__main__",
    "source_ip": "localhost",
    "log_type": "INFO",
    "log_content": "[FLASK] Starting Flask Server..."
}{
    "timestamp": "10-01-2024 @ 14:04:55",
    "request": "__main__",
    "source_ip": "localhost",
    "log_type": "INFO",
    "log_content": "[FLASK] Starting Flask Server..."
}{
    "timestamp": "10-01-2024 @ 14:06:40",
    "request": "__main__",
    "source_ip": "localhost",
    "log_type": "INFO",
    "log_content": "[FLASK] Starting Flask Server..."
}{
    "timestamp": "10-01-2024 @ 14:08:28",
    "request": "__main__",
    "source_ip": "localhost",
    "log_type": "INFO",
    "log_content": "[FLASK] Starting Flask Server..."
}{
    "timestamp": "10-01-2024 @ 14:10:06",
    "request": "__main__",
    "source_ip": "localhost",
    "log_type": "INFO",
    "log_content": "[FLASK] Starting Flask Server..."
}{
    "timestamp": "10-01-2024 @ 14:13:03",
    "request": "__main__",
    "source_ip": "localhost",
    "log_type": "INFO",
    "log_content": "[FLASK] Starting Flask Server..."
}{
    "timestamp": "10-01-2024 @ 14:32:50",
    "request": "__main__",
    "source_ip": "localhost",
    "log_type": "INFO",
    "log_content": "[FLASK] Starting Flask Server..."
}{
    "timestamp": "10-01-2024 @ 14:33:57",
    "request": "__main__",
    "source_ip": "localhost",
    "log_type": "INFO",
    "log_content": "[FLASK] Starting Flask Server..."
}{
    "timestamp": "10-01-2024 @ 14:37:11",
    "request": "__main__",
    "source_ip": "localhost",
    "log_type": "INFO",
    "log_content": "[FLASK] Starting Flask Server..."
}{
    "timestamp": "10-01-2024 @ 14:38:15",
    "request": "__main__",
    "source_ip": "localhost",
    "log_type": "INFO",
    "log_content": "[FLASK] Starting Flask Server..."
}{
    "timestamp": "10-01-2024 @ 14:39:36",
    "request": "__main__",
    "source_ip": "localhost",
    "log_type": "INFO",
    "log_content": "[FLASK] Starting Flask Server..."
}{
    "timestamp": "10-01-2024 @ 14:40:20",
    "request": "__main__",
    "source_ip": "localhost",
    "log_type": "INFO",
    "log_content": "[FLASK] Starting Flask Server..."
}{
    "timestamp": "10-01-2024 @ 15:35:02",
    "request": "__main__",
    "source_ip": "localhost",
    "log_type": "INFO",
    "log_content": "[FLASK] Starting Flask Server..."
}{
    "timestamp": "10-01-2024 @ 15:35:58",
    "request": "__main__",
    "source_ip": "localhost",
    "log_type": "INFO",
    "log_content": "[FLASK] Starting Flask Server..."
}{
    "timestamp": "10-01-2024 @ 15:36:45",
    "request": "__main__",
    "source_ip": "localhost",
    "log_type": "INFO",
    "log_content": "[FLASK] Starting Flask Server..."
}{
    "timestamp": "10-01-2024 @ 15:37:26",
    "request": "__main__",
    "source_ip": "localhost",
    "log_type": "INFO",
    "log_content": "[FLASK] Starting Flask Server..."
}{
    "timestamp": "11-01-2024 @ 09:26:55",
    "request": "__main__",
    "source_ip": "localhost",
    "log_type": "INFO",
    "log_content": "[FLASK] Starting Flask Server..."
}{
    "timestamp": "11-01-2024 @ 09:32:41",
    "request": "__main__",
    "source_ip": "localhost",
    "log_type": "INFO",
    "log_content": "[FLASK] Starting Flask Server..."
}{
    "timestamp": "11-01-2024 @ 09:32:41",
    "request": "__main__",
    "source_ip": "localhost",
    "log_type": "INFO",
    "log_content": "[FLASK] Starting Flask Server..."
}{
    "timestamp": "11-01-2024 @ 09:32:41",
    "request": "__main__",
    "source_ip": "localhost",
    "log_type": "INFO",
    "log_content": "[FLASK] Starting Flask Server..."
}{
    "timestamp": "11-01-2024 @ 09:47:36",
    "request": "__main__",
    "source_ip": "localhost",
    "log_type": "INFO",
    "log_content": "[FLASK] Starting Flask Server..."
}{
    "timestamp": "11-01-2024 @ 09:47:36",
    "request": "__main__",
    "source_ip": "localhost",
    "log_type": "INFO",
    "log_content": "[FLASK] Starting Flask Server..."
}{
    "timestamp": "11-01-2024 @ 09:47:37",
    "request": "__main__",
    "source_ip": "localhost",
    "log_type": "INFO",
    "log_content": "[FLASK] Starting Flask Server..."
}{
    "timestamp": "11-01-2024 @ 09:48:43",
    "request": "__main__",
    "source_ip": "localhost",
    "log_type": "INFO",
    "log_content": "[FLASK] Starting Flask Server..."
}{
    "timestamp": "11-01-2024 @ 09:48:43",
    "request": "__main__",
    "source_ip": "localhost",
    "log_type": "INFO",
    "log_content": "[FLASK] Starting Flask Server..."
}{
    "timestamp": "11-01-2024 @ 09:48:43",
    "request": "__main__",
    "source_ip": "localhost",
    "log_type": "INFO",
    "log_content": "[FLASK] Starting Flask Server..."
}{
    "timestamp": "11-01-2024 @ 13:45:49",
    "request": "__main__",
    "source_ip": "localhost",
    "log_type": "INFO",
    "log_content": "[FLASK] Starting Flask Server..."
}{
    "timestamp": "11-01-2024 @ 13:45:49",
    "request": "__main__",
    "source_ip": "localhost",
    "log_type": "INFO",
    "log_content": "[FLASK] Starting Flask Server..."
}{
    "timestamp": "11-01-2024 @ 13:45:49",
    "request": "__main__",
    "source_ip": "localhost",
    "log_type": "INFO",
    "log_content": "[FLASK] Starting Flask Server..."
}{
    "timestamp": "16-01-2024 @ 15:06:00",
    "request": "__main__",
    "source_ip": "localhost",
    "log_type": "INFO",
    "log_content": "[FLASK] Starting Flask Server..."
}{
    "timestamp": "16-01-2024 @ 15:06:00",
    "request": "__main__",
    "source_ip": "localhost",
    "log_type": "INFO",
    "log_content": "[FLASK] Starting Flask Server..."
}{
    "timestamp": "18-01-2024 @ 22:13:25",
    "request": "__main__",
    "source_ip": "localhost",
    "log_type": "INFO",
    "log_content": "[FLASK] Starting Flask Server..."
}{
    "timestamp": "18-01-2024 @ 22:13:25",
    "request": "__main__",
    "source_ip": "localhost",
    "log_type": "INFO",
    "log_content": "[FLASK] Starting Flask Server..."
}{
    "timestamp": "20-01-2024 @ 11:55:43",
    "request": "__main__",
    "source_ip": "localhost",
    "log_type": "INFO",
    "log_content": "[FLASK] Starting Flask Server..."
}{
    "timestamp": "20-01-2024 @ 11:55:43",
    "request": "__main__",
    "source_ip": "localhost",
    "log_type": "INFO",
    "log_content": "[FLASK] Starting Flask Server..."
}{
    "timestamp": "22-01-2024 @ 09:05:45",
    "request": "__main__",
    "source_ip": "localhost",
    "log_type": "INFO",
    "log_content": "[FLASK] Starting Flask Server..."
}{
    "timestamp": "22-01-2024 @ 09:05:45",
    "request": "__main__",
    "source_ip": "localhost",
    "log_type": "INFO",
    "log_content": "[FLASK] Starting Flask Server..."
}{
    "timestamp": "22-01-2024 @ 09:05:46",
    "request": "__main__",
    "source_ip": "localhost",
    "log_type": "INFO",
    "log_content": "[FLASK] Starting Flask Server..."
}{
    "timestamp": "24-01-2024 @ 10:20:39",
    "request": "__main__",
    "source_ip": "localhost",
    "log_type": "INFO",
    "log_content": "[FLASK] Starting Flask Server..."
}{
    "timestamp": "24-01-2024 @ 10:20:39",
    "request": "__main__",
    "source_ip": "localhost",
    "log_type": "INFO",
    "log_content": "[FLASK] Starting Flask Server..."
}{
    "timestamp": "24-01-2024 @ 10:20:41",
    "request": "__main__",
    "source_ip": "localhost",
    "log_type": "INFO",
    "log_content": "[FLASK] Starting Flask Server..."
}